<?xml version="1.0" encoding="UTF-8"?>
<testng-results ignored="0" total="1" passed="1" failed="0" skipped="0">
  <reporter-output>
  </reporter-output>
  <suite started-at="2024-05-25T08:51:02 IST" name="Default suite" finished-at="2024-05-25T08:51:15 IST" duration-ms="12724">
    <groups>
    </groups>
    <test started-at="2024-05-25T08:51:02 IST" name="Default test" finished-at="2024-05-25T08:51:15 IST" duration-ms="12724">
      <class name="extentReport.Script02">
        <test-method signature="script2()[pri:0, instance:extentReport.Script02@a2431d0]" started-at="2024-05-25T08:51:02 IST" name="script2" finished-at="2024-05-25T08:51:15 IST" duration-ms="12686" status="PASS">
          <reporter-output>
          </reporter-output>
        </test-method> <!-- script2 -->
      </class> <!-- extentReport.Script02 -->
    </test> <!-- Default test -->
  </suite> <!-- Default suite -->
</testng-results>
