<?xml version="1.0" encoding="UTF-8"?>
<testng-results ignored="0" total="3" passed="3" failed="0" skipped="0">
  <reporter-output>
  </reporter-output>
  <suite started-at="2024-05-24T07:46:41 IST" name="Suite" finished-at="2024-05-24T07:46:50 IST" duration-ms="8118">
    <groups>
    </groups>
    <test started-at="2024-05-24T07:46:41 IST" name="Test" finished-at="2024-05-24T07:46:50 IST" duration-ms="8118">
      <class name="food.LaunchPizza_Test">
        <test-method signature="pizza()[pri:0, instance:food.LaunchPizza_Test@2cd2a21f]" started-at="2024-05-24T07:46:41 IST" name="pizza" finished-at="2024-05-24T07:46:48 IST" duration-ms="7024" status="PASS">
          <reporter-output>
          </reporter-output>
        </test-method> <!-- pizza -->
      </class> <!-- food.LaunchPizza_Test -->
      <class name="food.LaunchKfc_Test">
        <test-method signature="kfc()[pri:0, instance:food.LaunchKfc_Test@62230c58]" started-at="2024-05-24T07:46:41 IST" name="kfc" finished-at="2024-05-24T07:46:48 IST" duration-ms="7024" status="PASS">
          <reporter-output>
          </reporter-output>
        </test-method> <!-- kfc -->
      </class> <!-- food.LaunchKfc_Test -->
      <class name="food.LaunchBurger_Test">
        <test-method signature="burger()[pri:0, instance:food.LaunchBurger_Test@2e55dd0c]" started-at="2024-05-24T07:46:41 IST" name="burger" finished-at="2024-05-24T07:46:50 IST" duration-ms="8083" status="PASS">
          <reporter-output>
          </reporter-output>
        </test-method> <!-- burger -->
      </class> <!-- food.LaunchBurger_Test -->
    </test> <!-- Test -->
  </suite> <!-- Suite -->
</testng-results>
